Compiling the C compiler identification source file "CMakeCCompilerId.c" failed.
Compiler: /Users/pavle/.platformio/packages/toolchain-xtensa-esp-elf/bin/xtensa-esp32-elf-gcc 
Build flags: -mlongcalls;-Wno-frame-address;
Id flags:  

The output was:
1
cc1: fatal error: CMakeCCompilerId.c: No such file or directory
compilation terminated.


Compiling the C compiler identification source file "CMakeCCompilerId.c" failed.
Compiler: /Users/pavle/.platformio/packages/toolchain-xtensa-esp-elf/bin/xtensa-esp32-elf-gcc 
Build flags: -mlongcalls;-Wno-frame-address;
Id flags: -c 

The output was:
1
Assembler messages:
Fatal error: can't create CMakeCCompilerId.o: No such file or directory


Compiling the C compiler identification source file "CMakeCCompilerId.c" failed.
Compiler: /Users/pavle/.platformio/packages/toolchain-xtensa-esp-elf/bin/xtensa-esp32-elf-gcc 
Build flags: -mlongcalls;-Wno-frame-address;
Id flags: -Aa 

The output was:
1
<command-line>: error: missing '(' after predicate


Compiling the C compiler identification source file "CMakeCCompilerId.c" failed.
Compiler: /Users/pavle/.platformio/packages/toolchain-xtensa-esp-elf/bin/xtensa-esp32-elf-gcc 
Build flags: -mlongcalls;-Wno-frame-address;
Id flags:  

The output was:
1
/Users/pavle/.platformio/packages/toolchain-xtensa-esp-elf/bin/../lib/gcc/xtensa-esp-elf/13.2.0/../../../../xtensa-esp-elf/bin/ld: cannot open output file a.out: No such file or directory
collect2: error: ld returned 1 exit status


Compilation of the C compiler identification source "CMakeCCompilerId.c" did not produce an executable in "/Users/pavle/Documents/PlatformIO/Projects/DSP_Diplomski/.pio/build/esp32dev/CMakeFiles/3.16.4/CompilerIdC".

Compiling the C compiler identification source file "CMakeCCompilerId.c" failed.
Compiler: /Users/pavle/.platformio/packages/toolchain-xtensa-esp-elf/bin/xtensa-esp32-elf-gcc 
Build flags: -mlongcalls;-Wno-frame-address;
Id flags: --target=arm-arm-none-eabi;-mcpu=cortex-m3 

The output was:
1
xtensa-esp-elf-gcc: error: unrecognized command-line option '--target=arm-arm-none-eabi'
xtensa-esp-elf-gcc: error: unrecognized command-line option '-mcpu=cortex-m3'


Compiling the CXX compiler identification source file "CMakeCXXCompilerId.cpp" failed.
Compiler: /Users/pavle/.platformio/packages/toolchain-xtensa-esp-elf/bin/xtensa-esp32-elf-g++ 
Build flags: -mlongcalls;-Wno-frame-address;
Id flags:  

The output was:
1
cc1plus: fatal error: CMakeCXXCompilerId.cpp: No such file or directory
compilation terminated.


Compiling the CXX compiler identification source file "CMakeCXXCompilerId.cpp" failed.
Compiler: /Users/pavle/.platformio/packages/toolchain-xtensa-esp-elf/bin/xtensa-esp32-elf-g++ 
Build flags: -mlongcalls;-Wno-frame-address;
Id flags:  

The output was:
1
/Users/pavle/.platformio/packages/toolchain-xtensa-esp-elf/bin/../lib/gcc/xtensa-esp-elf/13.2.0/../../../../xtensa-esp-elf/bin/ld: cannot open output file a.out: No such file or directory
collect2: error: ld returned 1 exit status


Determining if the C compiler works failed with the following output:
Change Dir: /Users/pavle/Documents/PlatformIO/Projects/DSP_Diplomski/.pio/build/esp32dev/CMakeFiles/CMakeTmp

Run Build Command(s):/Users/pavle/.platformio/packages/tool-ninja/ninja cmTC_3d07b && [1/2] Building C object CMakeFiles/cmTC_3d07b.dir/testCCompiler.c.obj
[2/2] Linking C executable cmTC_3d07b
FAILED: cmTC_3d07b 
: && /Users/pavle/.platformio/packages/toolchain-xtensa-esp-elf/bin/xtensa-esp32-elf-gcc -mlongcalls -Wno-frame-address   CMakeFiles/cmTC_3d07b.dir/testCCompiler.c.obj  -o cmTC_3d07b   && :
/Users/pavle/.platformio/packages/toolchain-xtensa-esp-elf/bin/../lib/gcc/xtensa-esp-elf/13.2.0/../../../../xtensa-esp-elf/bin/ld: cannot find CMakeFiles/cmTC_3d07b.dir/testCCompiler.c.obj: No such file or directory
collect2: error: ld returned 1 exit status
ninja: build stopped: subcommand failed.



Determining if the include file sys/types.h exists failed with the following output:
Change Dir: /Users/pavle/Documents/PlatformIO/Projects/DSP_Diplomski/.pio/build/esp32dev/CMakeFiles/CMakeTmp

Run Build Command(s):/Users/pavle/.platformio/packages/tool-ninja/ninja cmTC_54773 && [1/2] Building C object CMakeFiles/cmTC_54773.dir/CheckIncludeFile.c.obj
[2/2] Linking C executable cmTC_54773
FAILED: cmTC_54773 
: && /Users/pavle/.platformio/packages/toolchain-xtensa-esp-elf/bin/xtensa-esp32-elf-gcc -mlongcalls -Wno-frame-address   CMakeFiles/cmTC_54773.dir/CheckIncludeFile.c.obj  -o cmTC_54773   && :
/Users/pavle/.platformio/packages/toolchain-xtensa-esp-elf/bin/../lib/gcc/xtensa-esp-elf/13.2.0/../../../../xtensa-esp-elf/bin/ld: cannot find CMakeFiles/cmTC_54773.dir/CheckIncludeFile.c.obj: No such file or directory
collect2: error: ld returned 1 exit status
ninja: build stopped: subcommand failed.



Determining size of time_t failed with the following output:
Change Dir: /Users/pavle/Documents/PlatformIO/Projects/DSP_Diplomski/.pio/build/esp32dev/CMakeFiles/CMakeTmp

Run Build Command(s):/Users/pavle/.platformio/packages/tool-ninja/ninja cmTC_b4c1d && [1/2] Building C object CMakeFiles/cmTC_b4c1d.dir/TIME_T_SIZE.c.obj
FAILED: CMakeFiles/cmTC_b4c1d.dir/TIME_T_SIZE.c.obj 
/Users/pavle/.platformio/packages/toolchain-xtensa-esp-elf/bin/xtensa-esp32-elf-gcc   -mlongcalls -Wno-frame-address -o CMakeFiles/cmTC_b4c1d.dir/TIME_T_SIZE.c.obj   -c /Users/pavle/Documents/PlatformIO/Projects/DSP_Diplomski/.pio/build/esp32dev/CMakeFiles/CheckTypeSize/TIME_T_SIZE.c
/Users/pavle/Documents/PlatformIO/Projects/DSP_Diplomski/.pio/build/esp32dev/CMakeFiles/CheckTypeSize/TIME_T_SIZE.c:22:22: error: 'time_t' undeclared here (not in a function)
   22 | #define SIZE (sizeof(time_t))
      |                      ^~~~~~
/Users/pavle/Documents/PlatformIO/Projects/DSP_Diplomski/.pio/build/esp32dev/CMakeFiles/CheckTypeSize/TIME_T_SIZE.c:24:12: note: in expansion of macro 'SIZE'
   24 |   ('0' + ((SIZE / 10000)%10)),
      |            ^~~~
/Users/pavle/Documents/PlatformIO/Projects/DSP_Diplomski/.pio/build/esp32dev/CMakeFiles/CheckTypeSize/TIME_T_SIZE.c:3:1: note: 'time_t' is defined in header '<time.h>'; did you forget to '#include <time.h>'?
    2 | #include <stddef.h>
  +++ |+#include <time.h>
    3 | 
ninja: build stopped: subcommand failed.


/Users/pavle/Documents/PlatformIO/Projects/DSP_Diplomski/.pio/build/esp32dev/CMakeFiles/CheckTypeSize/TIME_T_SIZE.c:
#include <stdint.h>
#include <stddef.h>


#undef KEY
#if defined(__i386)
# define KEY '_','_','i','3','8','6'
#elif defined(__x86_64)
# define KEY '_','_','x','8','6','_','6','4'
#elif defined(__ppc__)
# define KEY '_','_','p','p','c','_','_'
#elif defined(__ppc64__)
# define KEY '_','_','p','p','c','6','4','_','_'
#elif defined(__aarch64__)
# define KEY '_','_','a','a','r','c','h','6','4','_','_'
#elif defined(__ARM_ARCH_7A__)
# define KEY '_','_','A','R','M','_','A','R','C','H','_','7','A','_','_'
#elif defined(__ARM_ARCH_7S__)
# define KEY '_','_','A','R','M','_','A','R','C','H','_','7','S','_','_'
#endif

#define SIZE (sizeof(time_t))
static char info_size[] =  {'I', 'N', 'F', 'O', ':', 's','i','z','e','[',
  ('0' + ((SIZE / 10000)%10)),
  ('0' + ((SIZE / 1000)%10)),
  ('0' + ((SIZE / 100)%10)),
  ('0' + ((SIZE / 10)%10)),
  ('0' +  (SIZE    % 10)),
  ']',
#ifdef KEY
  ' ','k','e','y','[', KEY, ']',
#endif
  '\0'};

#ifdef __CLASSIC_C__
int main(argc, argv) int argc; char *argv[];
#else
int main(int argc, char *argv[])
#endif
{
  int require = 0;
  require += info_size[argc];
  (void)argv;
  return require;
}


